<?xml version="1.0" encoding="UTF-8"?>
<testsuite xmlns:xsi="http://www.w3.org/2001/XMLSchema-instance" xsi:noNamespaceSchemaLocation="https://maven.apache.org/surefire/maven-surefire-plugin/xsd/surefire-test-report.xsd" name="TestSuite" time="19.495" tests="151" errors="0" skipped="21" failures="0">
  <properties>
[...]
</properties>
  <testcase name="shouldAnswerWithTrue on shouldAnswerWithTrue(com.qa.hwa.AppTest)" classname="com.qa.hwa.AppTest" time="9.699"/>
  <testcase name="usernameNullButOtherNameNotNull on usernameNullButOtherNameNotNull(com.qa.hwa.domain.GameSessionUnitTest)" classname="com.qa.hwa.domain.GameSessionUnitTest" time="0.001"/>
  <testcase name="nullGameName on nullGameName(com.qa.hwa.domain.GameSessionUnitTest)" classname="com.qa.hwa.domain.GameSessionUnitTest" time="0.001"/>
  <testcase name="constructorWithoutId on constructorWithoutId(com.qa.hwa.domain.GameSessionUnitTest)" classname="com.qa.hwa.domain.GameSessionUnitTest" time="0"/>
  <testcase name="nullTimePlayedOnBoth on nullTimePlayedOnBoth(com.qa.hwa.domain.GameSessionUnitTest)" classname="com.qa.hwa.domain.GameSessionUnitTest" time="0"/>
  <testcase name="checkEqualityBetweenDifferentObjects on checkEqualityBetweenDifferentObjects(com.qa.hwa.domain.GameSessionUnitTest)" classname="com.qa.hwa.domain.GameSessionUnitTest" time="0"/>
  <testcase name="nullGameNameOnBoth on nullGameNameOnBoth(com.qa.hwa.domain.GameSessionUnitTest)" classname="com.qa.hwa.domain.GameSessionUnitTest" time="0.001"/>
  <testcase name="checkEquality on checkEquality(com.qa.hwa.domain.GameSessionUnitTest)" classname="com.qa.hwa.domain.GameSessionUnitTest" time="0"/>
  <testcase name="notEqualsWithNull on notEqualsWithNull(com.qa.hwa.domain.GameSessionUnitTest)" classname="com.qa.hwa.domain.GameSessionUnitTest" time="0"/>
  <testcase name="checkEqualityBetweenDifferentObjectsNullUsername on checkEqualityBetweenDifferentObjectsNullUsername(com.qa.hwa.domain.GameSessionUnitTest)" classname="com.qa.hwa.domain.GameSessionUnitTest" time="0.001"/>
  <testcase name="nullTimePlayed on nullTimePlayed(com.qa.hwa.domain.GameSessionUnitTest)" classname="com.qa.hwa.domain.GameSessionUnitTest" time="0"/>
  <testcase name="gettersAndSettersTest on gettersAndSettersTest(com.qa.hwa.domain.GameSessionUnitTest)" classname="com.qa.hwa.domain.GameSessionUnitTest" time="0"/>
  <testcase name="nullId on nullId(com.qa.hwa.domain.GameSessionUnitTest)" classname="com.qa.hwa.domain.GameSessionUnitTest" time="0"/>
  <testcase name="notEqualsWithDifferentObject on notEqualsWithDifferentObject(com.qa.hwa.domain.GameSessionUnitTest)" classname="com.qa.hwa.domain.GameSessionUnitTest" time="0"/>
  <testcase name="nullIdOnBoth on nullIdOnBoth(com.qa.hwa.domain.GameSessionUnitTest)" classname="com.qa.hwa.domain.GameSessionUnitTest" time="0"/>
  <testcase name="emptyConstructor on emptyConstructor(com.qa.hwa.domain.GameSessionUnitTest)" classname="com.qa.hwa.domain.GameSessionUnitTest" time="0.001"/>
  <testcase name="constructorUserWithId on constructorUserWithId(com.qa.hwa.domain.GameSessionUnitTest)" classname="com.qa.hwa.domain.GameSessionUnitTest" time="0.001"/>
  <testcase name="nullTimeOfSession on nullTimeOfSession(com.qa.hwa.domain.GameSessionUnitTest)" classname="com.qa.hwa.domain.GameSessionUnitTest" time="0"/>
  <testcase name="otherGameNameDifferent on otherGameNameDifferent(com.qa.hwa.domain.GameSessionUnitTest)" classname="com.qa.hwa.domain.GameSessionUnitTest" time="0"/>
  <testcase name="hashCodeTest on hashCodeTest(com.qa.hwa.domain.GameSessionUnitTest)" classname="com.qa.hwa.domain.GameSessionUnitTest" time="0.001"/>
  <testcase name="otherTimeOfSessionDifferent on otherTimeOfSessionDifferent(com.qa.hwa.domain.GameSessionUnitTest)" classname="com.qa.hwa.domain.GameSessionUnitTest" time="0"/>
  <testcase name="nullTimeOfSessionBoth on nullTimeOfSessionBoth(com.qa.hwa.domain.GameSessionUnitTest)" classname="com.qa.hwa.domain.GameSessionUnitTest" time="0"/>
  <testcase name="usernameNotEqual on usernameNotEqual(com.qa.hwa.domain.GameSessionUnitTest)" classname="com.qa.hwa.domain.GameSessionUnitTest" time="0"/>
  <testcase name="hashCodeTestWithNull on hashCodeTestWithNull(com.qa.hwa.domain.GameSessionUnitTest)" classname="com.qa.hwa.domain.GameSessionUnitTest" time="0"/>
  <testcase name="otherTimePlayedDifferent on otherTimePlayedDifferent(com.qa.hwa.domain.GameSessionUnitTest)" classname="com.qa.hwa.domain.GameSessionUnitTest" time="0"/>
  <testcase name="otherIdDifferent on otherIdDifferent(com.qa.hwa.domain.GameSessionUnitTest)" classname="com.qa.hwa.domain.GameSessionUnitTest" time="0.001"/>
  <testcase name="usernameNullButOtherNameNotNull on usernameNullButOtherNameNotNull(com.qa.hwa.domain.UserUnitTest)" classname="com.qa.hwa.domain.UserUnitTest" time="0"/>
  <testcase name="nullTimeRemainingOnBoth on nullTimeRemainingOnBoth(com.qa.hwa.domain.UserUnitTest)" classname="com.qa.hwa.domain.UserUnitTest" time="0"/>
  <testcase name="nullFreeTime on nullFreeTime(com.qa.hwa.domain.UserUnitTest)" classname="com.qa.hwa.domain.UserUnitTest" time="0"/>
  <testcase name="constructorWithoutId on constructorWithoutId(com.qa.hwa.domain.UserUnitTest)" classname="com.qa.hwa.domain.UserUnitTest" time="0"/>
  <testcase name="checkEqualityBetweenDifferentObjects on checkEqualityBetweenDifferentObjects(com.qa.hwa.domain.UserUnitTest)" classname="com.qa.hwa.domain.UserUnitTest" time="0"/>
  <testcase name="checkEquality on checkEquality(com.qa.hwa.domain.UserUnitTest)" classname="com.qa.hwa.domain.UserUnitTest" time="0.001"/>
  <testcase name="notEqualsWithNull on notEqualsWithNull(com.qa.hwa.domain.UserUnitTest)" classname="com.qa.hwa.domain.UserUnitTest" time="0"/>
  <testcase name="checkEqualityBetweenDifferentObjectsNullUsername on checkEqualityBetweenDifferentObjectsNullUsername(com.qa.hwa.domain.UserUnitTest)" classname="com.qa.hwa.domain.UserUnitTest" time="0"/>
  <testcase name="gettersAndSettersTest on gettersAndSettersTest(com.qa.hwa.domain.UserUnitTest)" classname="com.qa.hwa.domain.UserUnitTest" time="0"/>
  <testcase name="nullId on nullId(com.qa.hwa.domain.UserUnitTest)" classname="com.qa.hwa.domain.UserUnitTest" time="0"/>
  <testcase name="notEqualsWithDifferentObject on notEqualsWithDifferentObject(com.qa.hwa.domain.UserUnitTest)" classname="com.qa.hwa.domain.UserUnitTest" time="0"/>
  <testcase name="nullFreeTimeOnBoth on nullFreeTimeOnBoth(com.qa.hwa.domain.UserUnitTest)" classname="com.qa.hwa.domain.UserUnitTest" time="0"/>
  <testcase name="nullIdOnBoth on nullIdOnBoth(com.qa.hwa.domain.UserUnitTest)" classname="com.qa.hwa.domain.UserUnitTest" time="0.001"/>
  <testcase name="emptyConstructor on emptyConstructor(com.qa.hwa.domain.UserUnitTest)" classname="com.qa.hwa.domain.UserUnitTest" time="0"/>
  <testcase name="nullTimeRemaining on nullTimeRemaining(com.qa.hwa.domain.UserUnitTest)" classname="com.qa.hwa.domain.UserUnitTest" time="0"/>
  <testcase name="otherFreeTimeDifferent on otherFreeTimeDifferent(com.qa.hwa.domain.UserUnitTest)" classname="com.qa.hwa.domain.UserUnitTest" time="0"/>
  <testcase name="constructorUserWithId on constructorUserWithId(com.qa.hwa.domain.UserUnitTest)" classname="com.qa.hwa.domain.UserUnitTest" time="0"/>
  <testcase name="otherTotalTimePlayedDifferent on otherTotalTimePlayedDifferent(com.qa.hwa.domain.UserUnitTest)" classname="com.qa.hwa.domain.UserUnitTest" time="0"/>
  <testcase name="otherTimeRemainingDifferent on otherTimeRemainingDifferent(com.qa.hwa.domain.UserUnitTest)" classname="com.qa.hwa.domain.UserUnitTest" time="0"/>
  <testcase name="nullTotalTimePlayed on nullTotalTimePlayed(com.qa.hwa.domain.UserUnitTest)" classname="com.qa.hwa.domain.UserUnitTest" time="0"/>
  <testcase name="hashCodeTest on hashCodeTest(com.qa.hwa.domain.UserUnitTest)" classname="com.qa.hwa.domain.UserUnitTest" time="0.001"/>
  <testcase name="usernameNotEqual on usernameNotEqual(com.qa.hwa.domain.UserUnitTest)" classname="com.qa.hwa.domain.UserUnitTest" time="0"/>
  <testcase name="hashCodeTestWithNull on hashCodeTestWithNull(com.qa.hwa.domain.UserUnitTest)" classname="com.qa.hwa.domain.UserUnitTest" time="0"/>
  <testcase name="otherIdDifferent on otherIdDifferent(com.qa.hwa.domain.UserUnitTest)" classname="com.qa.hwa.domain.UserUnitTest" time="0"/>
  <testcase name="nullTotalTimePlayedOnBoth on nullTotalTimePlayedOnBoth(com.qa.hwa.domain.UserUnitTest)" classname="com.qa.hwa.domain.UserUnitTest" time="0"/>
  <testcase name="usernameNullButOtherNameNotNull on usernameNullButOtherNameNotNull(com.qa.hwa.dto.GameSessionDTOUnitTest)" classname="com.qa.hwa.dto.GameSessionDTOUnitTest" time="0">
    <skipped/>
  </testcase>
  <testcase name="nullGameName on nullGameName(com.qa.hwa.dto.GameSessionDTOUnitTest)" classname="com.qa.hwa.dto.GameSessionDTOUnitTest" time="0.001"/>
  <testcase name="constructorWithoutId on constructorWithoutId(com.qa.hwa.dto.GameSessionDTOUnitTest)" classname="com.qa.hwa.dto.GameSessionDTOUnitTest" time="0.001"/>
  <testcase name="nullTimePlayedOnBoth on nullTimePlayedOnBoth(com.qa.hwa.dto.GameSessionDTOUnitTest)" classname="com.qa.hwa.dto.GameSessionDTOUnitTest" time="0"/>
  <testcase name="checkEqualityBetweenDifferentObjects on checkEqualityBetweenDifferentObjects(com.qa.hwa.dto.GameSessionDTOUnitTest)" classname="com.qa.hwa.dto.GameSessionDTOUnitTest" time="0"/>
  <testcase name="nullGameNameOnBoth on nullGameNameOnBoth(com.qa.hwa.dto.GameSessionDTOUnitTest)" classname="com.qa.hwa.dto.GameSessionDTOUnitTest" time="0"/>
  <testcase name="checkEquality on checkEquality(com.qa.hwa.dto.GameSessionDTOUnitTest)" classname="com.qa.hwa.dto.GameSessionDTOUnitTest" time="0.001"/>
  <testcase name="notEqualsWithNull on notEqualsWithNull(com.qa.hwa.dto.GameSessionDTOUnitTest)" classname="com.qa.hwa.dto.GameSessionDTOUnitTest" time="0"/>
  <testcase name="checkEqualityBetweenDifferentObjectsNullUsername on checkEqualityBetweenDifferentObjectsNullUsername(com.qa.hwa.dto.GameSessionDTOUnitTest)" classname="com.qa.hwa.dto.GameSessionDTOUnitTest" time="0">
    <skipped/>
  </testcase>
  <testcase name="nullTimePlayed on nullTimePlayed(com.qa.hwa.dto.GameSessionDTOUnitTest)" classname="com.qa.hwa.dto.GameSessionDTOUnitTest" time="0"/>
  <testcase name="gettersAndSettersTest on gettersAndSettersTest(com.qa.hwa.dto.GameSessionDTOUnitTest)" classname="com.qa.hwa.dto.GameSessionDTOUnitTest" time="0"/>
  <testcase name="nullId on nullId(com.qa.hwa.dto.GameSessionDTOUnitTest)" classname="com.qa.hwa.dto.GameSessionDTOUnitTest" time="0"/>
  <testcase name="notEqualsWithDifferentObject on notEqualsWithDifferentObject(com.qa.hwa.dto.GameSessionDTOUnitTest)" classname="com.qa.hwa.dto.GameSessionDTOUnitTest" time="0.001"/>
  <testcase name="nullIdOnBoth on nullIdOnBoth(com.qa.hwa.dto.GameSessionDTOUnitTest)" classname="com.qa.hwa.dto.GameSessionDTOUnitTest" time="0"/>
  <testcase name="emptyConstructor on emptyConstructor(com.qa.hwa.dto.GameSessionDTOUnitTest)" classname="com.qa.hwa.dto.GameSessionDTOUnitTest" time="0"/>
  <testcase name="constructorUserWithId on constructorUserWithId(com.qa.hwa.dto.GameSessionDTOUnitTest)" classname="com.qa.hwa.dto.GameSessionDTOUnitTest" time="0"/>
  <testcase name="nullTimeOfSession on nullTimeOfSession(com.qa.hwa.dto.GameSessionDTOUnitTest)" classname="com.qa.hwa.dto.GameSessionDTOUnitTest" time="0"/>
  <testcase name="otherGameNameDifferent on otherGameNameDifferent(com.qa.hwa.dto.GameSessionDTOUnitTest)" classname="com.qa.hwa.dto.GameSessionDTOUnitTest" time="0"/>
  <testcase name="hashCodeTest on hashCodeTest(com.qa.hwa.dto.GameSessionDTOUnitTest)" classname="com.qa.hwa.dto.GameSessionDTOUnitTest" time="0"/>
  <testcase name="otherTimeOfSessionDifferent on otherTimeOfSessionDifferent(com.qa.hwa.dto.GameSessionDTOUnitTest)" classname="com.qa.hwa.dto.GameSessionDTOUnitTest" time="0"/>
  <testcase name="nullTimeOfSessionBoth on nullTimeOfSessionBoth(com.qa.hwa.dto.GameSessionDTOUnitTest)" classname="com.qa.hwa.dto.GameSessionDTOUnitTest" time="0"/>
  <testcase name="usernameNotEqual on usernameNotEqual(com.qa.hwa.dto.GameSessionDTOUnitTest)" classname="com.qa.hwa.dto.GameSessionDTOUnitTest" time="0"/>
  <testcase name="hashCodeTestWithNull on hashCodeTestWithNull(com.qa.hwa.dto.GameSessionDTOUnitTest)" classname="com.qa.hwa.dto.GameSessionDTOUnitTest" time="0"/>
  <testcase name="otherTimePlayedDifferent on otherTimePlayedDifferent(com.qa.hwa.dto.GameSessionDTOUnitTest)" classname="com.qa.hwa.dto.GameSessionDTOUnitTest" time="0"/>
  <testcase name="otherIdDifferent on otherIdDifferent(com.qa.hwa.dto.GameSessionDTOUnitTest)" classname="com.qa.hwa.dto.GameSessionDTOUnitTest" time="0.001"/>
  <testcase name="usernameNullButOtherNameNotNull on usernameNullButOtherNameNotNull(com.qa.hwa.dto.UserDTOUnitTest)" classname="com.qa.hwa.dto.UserDTOUnitTest" time="0.001"/>
  <testcase name="nullTimeRemainingOnBoth on nullTimeRemainingOnBoth(com.qa.hwa.dto.UserDTOUnitTest)" classname="com.qa.hwa.dto.UserDTOUnitTest" time="0"/>
  <testcase name="nullFreeTime on nullFreeTime(com.qa.hwa.dto.UserDTOUnitTest)" classname="com.qa.hwa.dto.UserDTOUnitTest" time="0"/>
  <testcase name="constructorWithoutId on constructorWithoutId(com.qa.hwa.dto.UserDTOUnitTest)" classname="com.qa.hwa.dto.UserDTOUnitTest" time="0"/>
  <testcase name="checkEqualityBetweenDifferentObjects on checkEqualityBetweenDifferentObjects(com.qa.hwa.dto.UserDTOUnitTest)" classname="com.qa.hwa.dto.UserDTOUnitTest" time="0"/>
  <testcase name="checkEquality on checkEquality(com.qa.hwa.dto.UserDTOUnitTest)" classname="com.qa.hwa.dto.UserDTOUnitTest" time="0"/>
  <testcase name="notEqualsWithNull on notEqualsWithNull(com.qa.hwa.dto.UserDTOUnitTest)" classname="com.qa.hwa.dto.UserDTOUnitTest" time="0"/>
  <testcase name="checkEqualityBetweenDifferentObjectsNullUsername on checkEqualityBetweenDifferentObjectsNullUsername(com.qa.hwa.dto.UserDTOUnitTest)" classname="com.qa.hwa.dto.UserDTOUnitTest" time="0"/>
  <testcase name="gettersAndSettersTest on gettersAndSettersTest(com.qa.hwa.dto.UserDTOUnitTest)" classname="com.qa.hwa.dto.UserDTOUnitTest" time="0"/>
  <testcase name="nullId on nullId(com.qa.hwa.dto.UserDTOUnitTest)" classname="com.qa.hwa.dto.UserDTOUnitTest" time="0"/>
  <testcase name="notEqualsWithDifferentObject on notEqualsWithDifferentObject(com.qa.hwa.dto.UserDTOUnitTest)" classname="com.qa.hwa.dto.UserDTOUnitTest" time="0"/>
  <testcase name="nullFreeTimeOnBoth on nullFreeTimeOnBoth(com.qa.hwa.dto.UserDTOUnitTest)" classname="com.qa.hwa.dto.UserDTOUnitTest" time="0"/>
  <testcase name="nullIdOnBoth on nullIdOnBoth(com.qa.hwa.dto.UserDTOUnitTest)" classname="com.qa.hwa.dto.UserDTOUnitTest" time="0"/>
  <testcase name="emptyConstructor on emptyConstructor(com.qa.hwa.dto.UserDTOUnitTest)" classname="com.qa.hwa.dto.UserDTOUnitTest" time="0"/>
  <testcase name="nullTimeRemaining on nullTimeRemaining(com.qa.hwa.dto.UserDTOUnitTest)" classname="com.qa.hwa.dto.UserDTOUnitTest" time="0"/>
  <testcase name="otherFreeTimeDifferent on otherFreeTimeDifferent(com.qa.hwa.dto.UserDTOUnitTest)" classname="com.qa.hwa.dto.UserDTOUnitTest" time="0"/>
  <testcase name="constructorUserWithId on constructorUserWithId(com.qa.hwa.dto.UserDTOUnitTest)" classname="com.qa.hwa.dto.UserDTOUnitTest" time="0"/>
  <testcase name="otherTotalTimePlayedDifferent on otherTotalTimePlayedDifferent(com.qa.hwa.dto.UserDTOUnitTest)" classname="com.qa.hwa.dto.UserDTOUnitTest" time="0"/>
  <testcase name="otherTimeRemainingDifferent on otherTimeRemainingDifferent(com.qa.hwa.dto.UserDTOUnitTest)" classname="com.qa.hwa.dto.UserDTOUnitTest" time="0.001"/>
  <testcase name="nullTotalTimePlayed on nullTotalTimePlayed(com.qa.hwa.dto.UserDTOUnitTest)" classname="com.qa.hwa.dto.UserDTOUnitTest" time="0"/>
  <testcase name="hashCodeTest on hashCodeTest(com.qa.hwa.dto.UserDTOUnitTest)" classname="com.qa.hwa.dto.UserDTOUnitTest" time="0"/>
  <testcase name="usernameNotEqual on usernameNotEqual(com.qa.hwa.dto.UserDTOUnitTest)" classname="com.qa.hwa.dto.UserDTOUnitTest" time="0.001"/>
  <testcase name="hashCodeTestWithNull on hashCodeTestWithNull(com.qa.hwa.dto.UserDTOUnitTest)" classname="com.qa.hwa.dto.UserDTOUnitTest" time="0"/>
  <testcase name="otherIdDifferent on otherIdDifferent(com.qa.hwa.dto.UserDTOUnitTest)" classname="com.qa.hwa.dto.UserDTOUnitTest" time="0"/>
  <testcase name="nullTotalTimePlayedOnBoth on nullTotalTimePlayedOnBoth(com.qa.hwa.dto.UserDTOUnitTest)" classname="com.qa.hwa.dto.UserDTOUnitTest" time="0.001"/>
  <testcase name="deleteGameSessionTest on deleteGameSessionTest(com.qa.hwa.rest.GameSessionControllerIntegrationTest)" classname="com.qa.hwa.rest.GameSessionControllerIntegrationTest" time="1.255"/>
  <testcase name="updateGameSessionTest on updateGameSessionTest(com.qa.hwa.rest.GameSessionControllerIntegrationTest)" classname="com.qa.hwa.rest.GameSessionControllerIntegrationTest" time="0">
    <skipped/>
  </testcase>
  <testcase name="getAllGameSessionsTest on getAllGameSessionsTest(com.qa.hwa.rest.GameSessionControllerIntegrationTest)" classname="com.qa.hwa.rest.GameSessionControllerIntegrationTest" time="0">
    <skipped/>
  </testcase>
  <testcase name="getAUsersGameSessionsTest on getAUsersGameSessionsTest(com.qa.hwa.rest.GameSessionControllerIntegrationTest)" classname="com.qa.hwa.rest.GameSessionControllerIntegrationTest" time="0">
    <skipped/>
  </testcase>
  <testcase name="createSessionsTest on createSessionsTest(com.qa.hwa.rest.GameSessionControllerIntegrationTest)" classname="com.qa.hwa.rest.GameSessionControllerIntegrationTest" time="0">
    <skipped/>
  </testcase>
  <testcase name="createGameSessionTest on createGameSessionTest(com.qa.hwa.rest.GameSessionControllerUnitTest)" classname="com.qa.hwa.rest.GameSessionControllerUnitTest" time="0.219"/>
  <testcase name="updateGameSessionTest on updateGameSessionTest(com.qa.hwa.rest.GameSessionControllerUnitTest)" classname="com.qa.hwa.rest.GameSessionControllerUnitTest" time="0.011"/>
  <testcase name="getAllGameSessionsTest on getAllGameSessionsTest(com.qa.hwa.rest.GameSessionControllerUnitTest)" classname="com.qa.hwa.rest.GameSessionControllerUnitTest" time="0.007"/>
  <testcase name="deleteUserTestFalse on deleteUserTestFalse(com.qa.hwa.rest.GameSessionControllerUnitTest)" classname="com.qa.hwa.rest.GameSessionControllerUnitTest" time="0.006"/>
  <testcase name="deleteUserTestTrue on deleteUserTestTrue(com.qa.hwa.rest.GameSessionControllerUnitTest)" classname="com.qa.hwa.rest.GameSessionControllerUnitTest" time="0.006"/>
  <testcase name="getAUsersGameSessionsTest on getAUsersGameSessionsTest(com.qa.hwa.rest.GameSessionControllerUnitTest)" classname="com.qa.hwa.rest.GameSessionControllerUnitTest" time="0.011"/>
  <testcase name="getAllUsersTest on getAllUsersTest(com.qa.hwa.rest.UserControllerIntegrationTest)" classname="com.qa.hwa.rest.UserControllerIntegrationTest" time="0">
    <skipped/>
    <system-out><![CDATA[2020-05-18 15:26:15.235  INFO 22960 --- [           main] .b.t.c.SpringBootTestContextBootstrapper : Neither @ContextConfiguration nor @ContextHierarchy found for test class [com.qa.hwa.rest.UserControllerIntegrationTest], using SpringBootContextLoader
2020-05-18 15:26:15.241  INFO 22960 --- [           main] o.s.t.c.support.AbstractContextLoader    : Could not detect default resource locations for test class [com.qa.hwa.rest.UserControllerIntegrationTest]: no resource found for suffixes {-context.xml, Context.groovy}.
2020-05-18 15:26:15.244  INFO 22960 --- [           main] t.c.s.AnnotationConfigContextLoaderUtils : Could not detect default configuration classes for test class [com.qa.hwa.rest.UserControllerIntegrationTest]: UserControllerIntegrationTest does not declare any static, non-private, non-final, nested classes annotated with @Configuration.
2020-05-18 15:26:15.258  INFO 22960 --- [           main] .b.t.c.SpringBootTestContextBootstrapper : Found @SpringBootConfiguration com.qa.hwa.App for test class com.qa.hwa.rest.UserControllerIntegrationTest
2020-05-18 15:26:15.268  INFO 22960 --- [           main] .b.t.c.SpringBootTestContextBootstrapper : Loaded default TestExecutionListener class names from location [META-INF/spring.factories]: [org.springframework.boot.test.mock.mockito.MockitoTestExecutionListener, org.springframework.boot.test.mock.mockito.ResetMocksTestExecutionListener, org.springframework.boot.test.autoconfigure.restdocs.RestDocsTestExecutionListener, org.springframework.boot.test.autoconfigure.web.client.MockRestServiceServerResetTestExecutionListener, org.springframework.boot.test.autoconfigure.web.servlet.MockMvcPrintOnlyOnFailureTestExecutionListener, org.springframework.boot.test.autoconfigure.web.servlet.WebDriverTestExecutionListener, org.springframework.test.context.web.ServletTestExecutionListener, org.springframework.test.context.support.DirtiesContextBeforeModesTestExecutionListener, org.springframework.test.context.support.DependencyInjectionTestExecutionListener, org.springframework.test.context.support.DirtiesContextTestExecutionListener, org.springframework.test.context.transaction.TransactionalTestExecutionListener, org.springframework.test.context.jdbc.SqlScriptsTestExecutionListener, org.springframework.test.context.event.EventPublishingTestExecutionListener]
2020-05-18 15:26:15.269  INFO 22960 --- [           main] .b.t.c.SpringBootTestContextBootstrapper : Using TestExecutionListeners: [org.springframework.test.context.web.ServletTestExecutionListener@35c95587, org.springframework.test.context.support.DirtiesContextBeforeModesTestExecutionListener@828e2d8, org.springframework.boot.test.mock.mockito.MockitoTestExecutionListener@43e9eddf, org.springframework.boot.test.autoconfigure.SpringBootDependencyInjectionTestExecutionListener@548e70f0, org.springframework.test.context.support.DirtiesContextTestExecutionListener@2b14628b, org.springframework.test.context.transaction.TransactionalTestExecutionListener@64657b13, org.springframework.test.context.jdbc.SqlScriptsTestExecutionListener@686ee555, org.springframework.test.context.event.EventPublishingTestExecutionListener@4fc00158, org.springframework.boot.test.mock.mockito.ResetMocksTestExecutionListener@47483211, org.springframework.boot.test.autoconfigure.restdocs.RestDocsTestExecutionListener@8ba7408, org.springframework.boot.test.autoconfigure.web.client.MockRestServiceServerResetTestExecutionListener@17616c07, org.springframework.boot.test.autoconfigure.web.servlet.MockMvcPrintOnlyOnFailureTestExecutionListener@58e46572, org.springframework.boot.test.autoconfigure.web.servlet.WebDriverTestExecutionListener@5eba0cc5]
]]></system-out>
  </testcase>
  <testcase name="createUsersTest on createUsersTest(com.qa.hwa.rest.UserControllerIntegrationTest)" classname="com.qa.hwa.rest.UserControllerIntegrationTest" time="0">
    <skipped/>
  </testcase>
  <testcase name="updateUserTest on updateUserTest(com.qa.hwa.rest.UserControllerIntegrationTest)" classname="com.qa.hwa.rest.UserControllerIntegrationTest" time="0">
    <skipped/>
  </testcase>
  <testcase name="deleteUserTest on deleteUserTest(com.qa.hwa.rest.UserControllerIntegrationTest)" classname="com.qa.hwa.rest.UserControllerIntegrationTest" time="0">
    <skipped/>
  </testcase>
  <testcase name="getUserByIdTest on getUserByIdTest(com.qa.hwa.rest.UserControllerIntegrationTest)" classname="com.qa.hwa.rest.UserControllerIntegrationTest" time="0">
    <skipped/>
  </testcase>
  <testcase name="getAllUsersTest on getAllUsersTest(com.qa.hwa.rest.UserControllerUnitTest)" classname="com.qa.hwa.rest.UserControllerUnitTest" time="0.064"/>
  <testcase name="deleteUserTestFalse on deleteUserTestFalse(com.qa.hwa.rest.UserControllerUnitTest)" classname="com.qa.hwa.rest.UserControllerUnitTest" time="0.005"/>
  <testcase name="updateUserTest on updateUserTest(com.qa.hwa.rest.UserControllerUnitTest)" classname="com.qa.hwa.rest.UserControllerUnitTest" time="0.008"/>
  <testcase name="createUserTest on createUserTest(com.qa.hwa.rest.UserControllerUnitTest)" classname="com.qa.hwa.rest.UserControllerUnitTest" time="0.003"/>
  <testcase name="deleteUserTestTrue on deleteUserTestTrue(com.qa.hwa.rest.UserControllerUnitTest)" classname="com.qa.hwa.rest.UserControllerUnitTest" time="0.004"/>
  <testcase name="getUserByUsernameTest on getUserByUsernameTest(com.qa.hwa.rest.UserControllerUnitTest)" classname="com.qa.hwa.rest.UserControllerUnitTest" time="0.01"/>
  <testcase name="getUserByIdTest on getUserByIdTest(com.qa.hwa.rest.UserControllerUnitTest)" classname="com.qa.hwa.rest.UserControllerUnitTest" time="0.011"/>
  <testcase name="readAUsersGameSessionsTest on readAUsersGameSessionsTest(com.qa.hwa.service.GameSessionServiceIntegrationTest)" classname="com.qa.hwa.service.GameSessionServiceIntegrationTest" time="0">
    <skipped/>
    <system-out><![CDATA[2020-05-18 15:26:15.409  INFO 22960 --- [           main] .b.t.c.SpringBootTestContextBootstrapper : Neither @ContextConfiguration nor @ContextHierarchy found for test class [com.qa.hwa.service.GameSessionServiceIntegrationTest], using SpringBootContextLoader
2020-05-18 15:26:15.412  INFO 22960 --- [           main] o.s.t.c.support.AbstractContextLoader    : Could not detect default resource locations for test class [com.qa.hwa.service.GameSessionServiceIntegrationTest]: no resource found for suffixes {-context.xml, Context.groovy}.
2020-05-18 15:26:15.414  INFO 22960 --- [           main] t.c.s.AnnotationConfigContextLoaderUtils : Could not detect default configuration classes for test class [com.qa.hwa.service.GameSessionServiceIntegrationTest]: GameSessionServiceIntegrationTest does not declare any static, non-private, non-final, nested classes annotated with @Configuration.
2020-05-18 15:26:15.432  INFO 22960 --- [           main] .b.t.c.SpringBootTestContextBootstrapper : Found @SpringBootConfiguration com.qa.hwa.App for test class com.qa.hwa.service.GameSessionServiceIntegrationTest
2020-05-18 15:26:15.437  INFO 22960 --- [           main] .b.t.c.SpringBootTestContextBootstrapper : Loaded default TestExecutionListener class names from location [META-INF/spring.factories]: [org.springframework.boot.test.mock.mockito.MockitoTestExecutionListener, org.springframework.boot.test.mock.mockito.ResetMocksTestExecutionListener, org.springframework.boot.test.autoconfigure.restdocs.RestDocsTestExecutionListener, org.springframework.boot.test.autoconfigure.web.client.MockRestServiceServerResetTestExecutionListener, org.springframework.boot.test.autoconfigure.web.servlet.MockMvcPrintOnlyOnFailureTestExecutionListener, org.springframework.boot.test.autoconfigure.web.servlet.WebDriverTestExecutionListener, org.springframework.test.context.web.ServletTestExecutionListener, org.springframework.test.context.support.DirtiesContextBeforeModesTestExecutionListener, org.springframework.test.context.support.DependencyInjectionTestExecutionListener, org.springframework.test.context.support.DirtiesContextTestExecutionListener, org.springframework.test.context.transaction.TransactionalTestExecutionListener, org.springframework.test.context.jdbc.SqlScriptsTestExecutionListener, org.springframework.test.context.event.EventPublishingTestExecutionListener]
2020-05-18 15:26:15.440  INFO 22960 --- [           main] .b.t.c.SpringBootTestContextBootstrapper : Using TestExecutionListeners: [org.springframework.test.context.web.ServletTestExecutionListener@26864891, org.springframework.test.context.support.DirtiesContextBeforeModesTestExecutionListener@5946e540, org.springframework.boot.test.mock.mockito.MockitoTestExecutionListener@651a399, org.springframework.boot.test.autoconfigure.SpringBootDependencyInjectionTestExecutionListener@79ef8115, org.springframework.test.context.support.DirtiesContextTestExecutionListener@6db99c79, org.springframework.test.context.transaction.TransactionalTestExecutionListener@3bb186b, org.springframework.test.context.jdbc.SqlScriptsTestExecutionListener@8fd3eee, org.springframework.test.context.event.EventPublishingTestExecutionListener@d9ff1cd, org.springframework.boot.test.mock.mockito.ResetMocksTestExecutionListener@2c64ee53, org.springframework.boot.test.autoconfigure.restdocs.RestDocsTestExecutionListener@77c7d3f4, org.springframework.boot.test.autoconfigure.web.client.MockRestServiceServerResetTestExecutionListener@162c89ac, org.springframework.boot.test.autoconfigure.web.servlet.MockMvcPrintOnlyOnFailureTestExecutionListener@644f033d, org.springframework.boot.test.autoconfigure.web.servlet.WebDriverTestExecutionListener@6f526f91]
]]></system-out>
  </testcase>
  <testcase name="deleteGameSessionTest on deleteGameSessionTest(com.qa.hwa.service.GameSessionServiceIntegrationTest)" classname="com.qa.hwa.service.GameSessionServiceIntegrationTest" time="0.649"/>
  <testcase name="createGameSessionTest on createGameSessionTest(com.qa.hwa.service.GameSessionServiceIntegrationTest)" classname="com.qa.hwa.service.GameSessionServiceIntegrationTest" time="0">
    <skipped/>
  </testcase>
  <testcase name="updateGameSessionTest on updateGameSessionTest(com.qa.hwa.service.GameSessionServiceIntegrationTest)" classname="com.qa.hwa.service.GameSessionServiceIntegrationTest" time="0">
    <skipped/>
  </testcase>
  <testcase name="readAllGameSessionsTest on readAllGameSessionsTest(com.qa.hwa.service.GameSessionServiceIntegrationTest)" classname="com.qa.hwa.service.GameSessionServiceIntegrationTest" time="0">
    <skipped/>
  </testcase>
  <testcase name="findUserByUsernameTest on findUserByUsernameTest(com.qa.hwa.service.GameSessionServiceIntegrationTest)" classname="com.qa.hwa.service.GameSessionServiceIntegrationTest" time="0">
    <skipped/>
  </testcase>
  <testcase name="readAUsersGameSessionsTest on readAUsersGameSessionsTest(com.qa.hwa.service.GameSessionServiceUnitTest)" classname="com.qa.hwa.service.GameSessionServiceUnitTest" time="0">
    <skipped/>
    <system-out><![CDATA[2020-05-18 15:26:18.682  INFO 22960 --- [           main] o.s.t.c.s.DefaultTestContextBootstrapper : Neither @ContextConfiguration nor @ContextHierarchy found for test class [com.qa.hwa.service.GameSessionServiceUnitTest], using DelegatingSmartContextLoader
2020-05-18 15:26:18.683  INFO 22960 --- [           main] o.s.t.c.support.AbstractContextLoader    : Could not detect default resource locations for test class [com.qa.hwa.service.GameSessionServiceUnitTest]: no resource found for suffixes {-context.xml}.
2020-05-18 15:26:18.684  INFO 22960 --- [           main] t.c.s.AnnotationConfigContextLoaderUtils : Could not detect default configuration classes for test class [com.qa.hwa.service.GameSessionServiceUnitTest]: GameSessionServiceUnitTest does not declare any static, non-private, non-final, nested classes annotated with @Configuration.
2020-05-18 15:26:18.686  INFO 22960 --- [           main] o.s.t.c.s.DefaultTestContextBootstrapper : Loaded default TestExecutionListener class names from location [META-INF/spring.factories]: [org.springframework.boot.test.mock.mockito.MockitoTestExecutionListener, org.springframework.boot.test.mock.mockito.ResetMocksTestExecutionListener, org.springframework.boot.test.autoconfigure.restdocs.RestDocsTestExecutionListener, org.springframework.boot.test.autoconfigure.web.client.MockRestServiceServerResetTestExecutionListener, org.springframework.boot.test.autoconfigure.web.servlet.MockMvcPrintOnlyOnFailureTestExecutionListener, org.springframework.boot.test.autoconfigure.web.servlet.WebDriverTestExecutionListener, org.springframework.test.context.web.ServletTestExecutionListener, org.springframework.test.context.support.DirtiesContextBeforeModesTestExecutionListener, org.springframework.test.context.support.DependencyInjectionTestExecutionListener, org.springframework.test.context.support.DirtiesContextTestExecutionListener, org.springframework.test.context.transaction.TransactionalTestExecutionListener, org.springframework.test.context.jdbc.SqlScriptsTestExecutionListener, org.springframework.test.context.event.EventPublishingTestExecutionListener]
2020-05-18 15:26:18.686  INFO 22960 --- [           main] o.s.t.c.s.DefaultTestContextBootstrapper : Using TestExecutionListeners: [org.springframework.test.context.web.ServletTestExecutionListener@5f745970, org.springframework.test.context.support.DirtiesContextBeforeModesTestExecutionListener@57cd77e1, org.springframework.boot.test.mock.mockito.MockitoTestExecutionListener@35f59dfe, org.springframework.test.context.support.DependencyInjectionTestExecutionListener@6b71fded, org.springframework.test.context.support.DirtiesContextTestExecutionListener@1633962a, org.springframework.test.context.transaction.TransactionalTestExecutionListener@2afd8972, org.springframework.test.context.jdbc.SqlScriptsTestExecutionListener@33fefbbe, org.springframework.test.context.event.EventPublishingTestExecutionListener@5784f6b9, org.springframework.boot.test.mock.mockito.ResetMocksTestExecutionListener@5d0ca8a5, org.springframework.boot.test.autoconfigure.restdocs.RestDocsTestExecutionListener@1b7c1c6f, org.springframework.boot.test.autoconfigure.web.client.MockRestServiceServerResetTestExecutionListener@5f9b37b5, org.springframework.boot.test.autoconfigure.web.servlet.MockMvcPrintOnlyOnFailureTestExecutionListener@2f5a23c1, org.springframework.boot.test.autoconfigure.web.servlet.WebDriverTestExecutionListener@17abef0f]
]]></system-out>
  </testcase>
  <testcase name="createGameSessionTest on createGameSessionTest(com.qa.hwa.service.GameSessionServiceUnitTest)" classname="com.qa.hwa.service.GameSessionServiceUnitTest" time="0.006"/>
  <testcase name="readUserByUsernameTest on readUserByUsernameTest(com.qa.hwa.service.GameSessionServiceUnitTest)" classname="com.qa.hwa.service.GameSessionServiceUnitTest" time="0.005"/>
  <testcase name="readUserByNonExistingUsernameTest on readUserByNonExistingUsernameTest(com.qa.hwa.service.GameSessionServiceUnitTest)" classname="com.qa.hwa.service.GameSessionServiceUnitTest" time="0.004"/>
  <testcase name="updateGameSessionTest on updateGameSessionTest(com.qa.hwa.service.GameSessionServiceUnitTest)" classname="com.qa.hwa.service.GameSessionServiceUnitTest" time="0.008"/>
  <testcase name="deleteSessionByNonExistingId on deleteSessionByNonExistingId(com.qa.hwa.service.GameSessionServiceUnitTest)" classname="com.qa.hwa.service.GameSessionServiceUnitTest" time="0.002"/>
  <testcase name="readAllSessionsTest on readAllSessionsTest(com.qa.hwa.service.GameSessionServiceUnitTest)" classname="com.qa.hwa.service.GameSessionServiceUnitTest" time="0.003"/>
  <testcase name="deleteSessionByExistingId on deleteSessionByExistingId(com.qa.hwa.service.GameSessionServiceUnitTest)" classname="com.qa.hwa.service.GameSessionServiceUnitTest" time="0.005"/>
  <testcase name="readAllUsersTest on readAllUsersTest(com.qa.hwa.service.UserServiceIntegrationTest)" classname="com.qa.hwa.service.UserServiceIntegrationTest" time="0">
    <skipped/>
    <system-out><![CDATA[2020-05-18 15:26:18.983  INFO 22960 --- [           main] .b.t.c.SpringBootTestContextBootstrapper : Neither @ContextConfiguration nor @ContextHierarchy found for test class [com.qa.hwa.service.UserServiceIntegrationTest], using SpringBootContextLoader
2020-05-18 15:26:18.984  INFO 22960 --- [           main] o.s.t.c.support.AbstractContextLoader    : Could not detect default resource locations for test class [com.qa.hwa.service.UserServiceIntegrationTest]: no resource found for suffixes {-context.xml, Context.groovy}.
2020-05-18 15:26:18.984  INFO 22960 --- [           main] t.c.s.AnnotationConfigContextLoaderUtils : Could not detect default configuration classes for test class [com.qa.hwa.service.UserServiceIntegrationTest]: UserServiceIntegrationTest does not declare any static, non-private, non-final, nested classes annotated with @Configuration.
2020-05-18 15:26:18.986  INFO 22960 --- [           main] .b.t.c.SpringBootTestContextBootstrapper : Found @SpringBootConfiguration com.qa.hwa.App for test class com.qa.hwa.service.UserServiceIntegrationTest
2020-05-18 15:26:18.987  INFO 22960 --- [           main] .b.t.c.SpringBootTestContextBootstrapper : Loaded default TestExecutionListener class names from location [META-INF/spring.factories]: [org.springframework.boot.test.mock.mockito.MockitoTestExecutionListener, org.springframework.boot.test.mock.mockito.ResetMocksTestExecutionListener, org.springframework.boot.test.autoconfigure.restdocs.RestDocsTestExecutionListener, org.springframework.boot.test.autoconfigure.web.client.MockRestServiceServerResetTestExecutionListener, org.springframework.boot.test.autoconfigure.web.servlet.MockMvcPrintOnlyOnFailureTestExecutionListener, org.springframework.boot.test.autoconfigure.web.servlet.WebDriverTestExecutionListener, org.springframework.test.context.web.ServletTestExecutionListener, org.springframework.test.context.support.DirtiesContextBeforeModesTestExecutionListener, org.springframework.test.context.support.DependencyInjectionTestExecutionListener, org.springframework.test.context.support.DirtiesContextTestExecutionListener, org.springframework.test.context.transaction.TransactionalTestExecutionListener, org.springframework.test.context.jdbc.SqlScriptsTestExecutionListener, org.springframework.test.context.event.EventPublishingTestExecutionListener]
2020-05-18 15:26:18.988  INFO 22960 --- [           main] .b.t.c.SpringBootTestContextBootstrapper : Using TestExecutionListeners: [org.springframework.test.context.web.ServletTestExecutionListener@48bafe39, org.springframework.test.context.support.DirtiesContextBeforeModesTestExecutionListener@608c03e3, org.springframework.boot.test.mock.mockito.MockitoTestExecutionListener@1979d616, org.springframework.boot.test.autoconfigure.SpringBootDependencyInjectionTestExecutionListener@6272936b, org.springframework.test.context.support.DirtiesContextTestExecutionListener@7da6e22a, org.springframework.test.context.transaction.TransactionalTestExecutionListener@7db57566, org.springframework.test.context.jdbc.SqlScriptsTestExecutionListener@2aabd5a0, org.springframework.test.context.event.EventPublishingTestExecutionListener@5cb4e255, org.springframework.boot.test.mock.mockito.ResetMocksTestExecutionListener@16c9ec5b, org.springframework.boot.test.autoconfigure.restdocs.RestDocsTestExecutionListener@4001a5a1, org.springframework.boot.test.autoconfigure.web.client.MockRestServiceServerResetTestExecutionListener@34f37ed4, org.springframework.boot.test.autoconfigure.web.servlet.MockMvcPrintOnlyOnFailureTestExecutionListener@4fae8455, org.springframework.boot.test.autoconfigure.web.servlet.WebDriverTestExecutionListener@16dc12cf]
]]></system-out>
  </testcase>
  <testcase name="findUserByIdTest on findUserByIdTest(com.qa.hwa.service.UserServiceIntegrationTest)" classname="com.qa.hwa.service.UserServiceIntegrationTest" time="0">
    <skipped/>
  </testcase>
  <testcase name="updateUserTest on updateUserTest(com.qa.hwa.service.UserServiceIntegrationTest)" classname="com.qa.hwa.service.UserServiceIntegrationTest" time="0">
    <skipped/>
  </testcase>
  <testcase name="createUserTest on createUserTest(com.qa.hwa.service.UserServiceIntegrationTest)" classname="com.qa.hwa.service.UserServiceIntegrationTest" time="0">
    <skipped/>
  </testcase>
  <testcase name="deleteUserTest on deleteUserTest(com.qa.hwa.service.UserServiceIntegrationTest)" classname="com.qa.hwa.service.UserServiceIntegrationTest" time="0.438"/>
  <testcase name="deleteUserByExistingId on deleteUserByExistingId(com.qa.hwa.service.UserServiceUnitTest)" classname="com.qa.hwa.service.UserServiceUnitTest" time="0"/>
  <testcase name="readUserByUsernameTest on readUserByUsernameTest(com.qa.hwa.service.UserServiceUnitTest)" classname="com.qa.hwa.service.UserServiceUnitTest" time="0"/>
  <testcase name="deleteUserByNonExistingId on deleteUserByNonExistingId(com.qa.hwa.service.UserServiceUnitTest)" classname="com.qa.hwa.service.UserServiceUnitTest" time="0"/>
  <testcase name="readUserByNonExistingUsernameTest on readUserByNonExistingUsernameTest(com.qa.hwa.service.UserServiceUnitTest)" classname="com.qa.hwa.service.UserServiceUnitTest" time="0"/>
  <testcase name="readAllUsersTest on readAllUsersTest(com.qa.hwa.service.UserServiceUnitTest)" classname="com.qa.hwa.service.UserServiceUnitTest" time="0.001"/>
  <testcase name="findUserByIdTest on findUserByIdTest(com.qa.hwa.service.UserServiceUnitTest)" classname="com.qa.hwa.service.UserServiceUnitTest" time="0.004"/>
  <testcase name="updateUserTest on updateUserTest(com.qa.hwa.service.UserServiceUnitTest)" classname="com.qa.hwa.service.UserServiceUnitTest" time="0.006"/>
  <testcase name="createUserTest on createUserTest(com.qa.hwa.service.UserServiceUnitTest)" classname="com.qa.hwa.service.UserServiceUnitTest" time="0.011"/>
</testsuite>