<?xml version="1.0" encoding="UTF-8"?>
<!-- Generated by org.testng.reporters.JUnitXMLReporter -->
<testsuite ignored="0" hostname="CHAS3-erazer" failures="0" tests="151" name="Surefire test" time="18.477" errors="0" timestamp="18 May 2020 14:26:19 GMT">
  <testcase classname="com.qa.hwa.AppTest" name="shouldAnswerWithTrue on shouldAnswerWithTrue(com.qa.hwa.AppTest)" time="9.711"/>
  <testcase classname="com.qa.hwa.domain.GameSessionUnitTest" name="usernameNullButOtherNameNotNull on usernameNullButOtherNameNotNull(com.qa.hwa.domain.GameSessionUnitTest)" time="0.007"/>
  <testcase classname="com.qa.hwa.domain.GameSessionUnitTest" name="nullGameName on nullGameName(com.qa.hwa.domain.GameSessionUnitTest)" time="0.007"/>
  <testcase classname="com.qa.hwa.domain.GameSessionUnitTest" name="constructorWithoutId on constructorWithoutId(com.qa.hwa.domain.GameSessionUnitTest)" time="0.008"/>
  <testcase classname="com.qa.hwa.domain.GameSessionUnitTest" name="nullTimePlayedOnBoth on nullTimePlayedOnBoth(com.qa.hwa.domain.GameSessionUnitTest)" time="0.008"/>
  <testcase classname="com.qa.hwa.domain.GameSessionUnitTest" name="checkEqualityBetweenDifferentObjects on checkEqualityBetweenDifferentObjects(com.qa.hwa.domain.GameSessionUnitTest)" time="0.008"/>
  <testcase classname="com.qa.hwa.domain.GameSessionUnitTest" name="nullGameNameOnBoth on nullGameNameOnBoth(com.qa.hwa.domain.GameSessionUnitTest)" time="0.007"/>
  <testcase classname="com.qa.hwa.domain.GameSessionUnitTest" name="checkEquality on checkEquality(com.qa.hwa.domain.GameSessionUnitTest)" time="0.008"/>
  <testcase classname="com.qa.hwa.domain.GameSessionUnitTest" name="notEqualsWithNull on notEqualsWithNull(com.qa.hwa.domain.GameSessionUnitTest)" time="0.008"/>
  <testcase classname="com.qa.hwa.domain.GameSessionUnitTest" name="checkEqualityBetweenDifferentObjectsNullUsername on checkEqualityBetweenDifferentObjectsNullUsername(com.qa.hwa.domain.GameSessionUnitTest)" time="0.008"/>
  <testcase classname="com.qa.hwa.domain.GameSessionUnitTest" name="nullTimePlayed on nullTimePlayed(com.qa.hwa.domain.GameSessionUnitTest)" time="0.009"/>
  <testcase classname="com.qa.hwa.domain.GameSessionUnitTest" name="gettersAndSettersTest on gettersAndSettersTest(com.qa.hwa.domain.GameSessionUnitTest)" time="0.009"/>
  <testcase classname="com.qa.hwa.domain.GameSessionUnitTest" name="nullId on nullId(com.qa.hwa.domain.GameSessionUnitTest)" time="0.009"/>
  <testcase classname="com.qa.hwa.domain.GameSessionUnitTest" name="notEqualsWithDifferentObject on notEqualsWithDifferentObject(com.qa.hwa.domain.GameSessionUnitTest)" time="0.008"/>
  <testcase classname="com.qa.hwa.domain.GameSessionUnitTest" name="nullIdOnBoth on nullIdOnBoth(com.qa.hwa.domain.GameSessionUnitTest)" time="0.009"/>
  <testcase classname="com.qa.hwa.domain.GameSessionUnitTest" name="emptyConstructor on emptyConstructor(com.qa.hwa.domain.GameSessionUnitTest)" time="0.009"/>
  <testcase classname="com.qa.hwa.domain.GameSessionUnitTest" name="constructorUserWithId on constructorUserWithId(com.qa.hwa.domain.GameSessionUnitTest)" time="0.01"/>
  <testcase classname="com.qa.hwa.domain.GameSessionUnitTest" name="nullTimeOfSession on nullTimeOfSession(com.qa.hwa.domain.GameSessionUnitTest)" time="0.011"/>
  <testcase classname="com.qa.hwa.domain.GameSessionUnitTest" name="otherGameNameDifferent on otherGameNameDifferent(com.qa.hwa.domain.GameSessionUnitTest)" time="0.011"/>
  <testcase classname="com.qa.hwa.domain.GameSessionUnitTest" name="hashCodeTest on hashCodeTest(com.qa.hwa.domain.GameSessionUnitTest)" time="0.011"/>
  <testcase classname="com.qa.hwa.domain.GameSessionUnitTest" name="otherTimeOfSessionDifferent on otherTimeOfSessionDifferent(com.qa.hwa.domain.GameSessionUnitTest)" time="0.011"/>
  <testcase classname="com.qa.hwa.domain.GameSessionUnitTest" name="nullTimeOfSessionBoth on nullTimeOfSessionBoth(com.qa.hwa.domain.GameSessionUnitTest)" time="0.012"/>
  <testcase classname="com.qa.hwa.domain.GameSessionUnitTest" name="usernameNotEqual on usernameNotEqual(com.qa.hwa.domain.GameSessionUnitTest)" time="0.012"/>
  <testcase classname="com.qa.hwa.domain.GameSessionUnitTest" name="hashCodeTestWithNull on hashCodeTestWithNull(com.qa.hwa.domain.GameSessionUnitTest)" time="0.013"/>
  <testcase classname="com.qa.hwa.domain.GameSessionUnitTest" name="otherTimePlayedDifferent on otherTimePlayedDifferent(com.qa.hwa.domain.GameSessionUnitTest)" time="0.013"/>
  <testcase classname="com.qa.hwa.domain.GameSessionUnitTest" name="otherIdDifferent on otherIdDifferent(com.qa.hwa.domain.GameSessionUnitTest)" time="0.012"/>
  <testcase classname="com.qa.hwa.domain.UserUnitTest" name="usernameNullButOtherNameNotNull on usernameNullButOtherNameNotNull(com.qa.hwa.domain.UserUnitTest)" time="0.005"/>
  <testcase classname="com.qa.hwa.domain.UserUnitTest" name="nullTimeRemainingOnBoth on nullTimeRemainingOnBoth(com.qa.hwa.domain.UserUnitTest)" time="0.006"/>
  <testcase classname="com.qa.hwa.domain.UserUnitTest" name="nullFreeTime on nullFreeTime(com.qa.hwa.domain.UserUnitTest)" time="0.005"/>
  <testcase classname="com.qa.hwa.domain.UserUnitTest" name="constructorWithoutId on constructorWithoutId(com.qa.hwa.domain.UserUnitTest)" time="0.005"/>
  <testcase classname="com.qa.hwa.domain.UserUnitTest" name="checkEqualityBetweenDifferentObjects on checkEqualityBetweenDifferentObjects(com.qa.hwa.domain.UserUnitTest)" time="0.005"/>
  <testcase classname="com.qa.hwa.domain.UserUnitTest" name="checkEquality on checkEquality(com.qa.hwa.domain.UserUnitTest)" time="0.006"/>
  <testcase classname="com.qa.hwa.domain.UserUnitTest" name="notEqualsWithNull on notEqualsWithNull(com.qa.hwa.domain.UserUnitTest)" time="0.006"/>
  <testcase classname="com.qa.hwa.domain.UserUnitTest" name="checkEqualityBetweenDifferentObjectsNullUsername on checkEqualityBetweenDifferentObjectsNullUsername(com.qa.hwa.domain.UserUnitTest)" time="0.006"/>
  <testcase classname="com.qa.hwa.domain.UserUnitTest" name="gettersAndSettersTest on gettersAndSettersTest(com.qa.hwa.domain.UserUnitTest)" time="0.006"/>
  <testcase classname="com.qa.hwa.domain.UserUnitTest" name="nullId on nullId(com.qa.hwa.domain.UserUnitTest)" time="0.006"/>
  <testcase classname="com.qa.hwa.domain.UserUnitTest" name="notEqualsWithDifferentObject on notEqualsWithDifferentObject(com.qa.hwa.domain.UserUnitTest)" time="0.006"/>
  <testcase classname="com.qa.hwa.domain.UserUnitTest" name="nullFreeTimeOnBoth on nullFreeTimeOnBoth(com.qa.hwa.domain.UserUnitTest)" time="0.006"/>
  <testcase classname="com.qa.hwa.domain.UserUnitTest" name="nullIdOnBoth on nullIdOnBoth(com.qa.hwa.domain.UserUnitTest)" time="0.008"/>
  <testcase classname="com.qa.hwa.domain.UserUnitTest" name="emptyConstructor on emptyConstructor(com.qa.hwa.domain.UserUnitTest)" time="0.008"/>
  <testcase classname="com.qa.hwa.domain.UserUnitTest" name="nullTimeRemaining on nullTimeRemaining(com.qa.hwa.domain.UserUnitTest)" time="0.008"/>
  <testcase classname="com.qa.hwa.domain.UserUnitTest" name="otherFreeTimeDifferent on otherFreeTimeDifferent(com.qa.hwa.domain.UserUnitTest)" time="0.008"/>
  <testcase classname="com.qa.hwa.domain.UserUnitTest" name="constructorUserWithId on constructorUserWithId(com.qa.hwa.domain.UserUnitTest)" time="0.009"/>
  <testcase classname="com.qa.hwa.domain.UserUnitTest" name="otherTotalTimePlayedDifferent on otherTotalTimePlayedDifferent(com.qa.hwa.domain.UserUnitTest)" time="0.009"/>
  <testcase classname="com.qa.hwa.domain.UserUnitTest" name="otherTimeRemainingDifferent on otherTimeRemainingDifferent(com.qa.hwa.domain.UserUnitTest)" time="0.009"/>
  <testcase classname="com.qa.hwa.domain.UserUnitTest" name="nullTotalTimePlayed on nullTotalTimePlayed(com.qa.hwa.domain.UserUnitTest)" time="0.009"/>
  <testcase classname="com.qa.hwa.domain.UserUnitTest" name="hashCodeTest on hashCodeTest(com.qa.hwa.domain.UserUnitTest)" time="0.008"/>
  <testcase classname="com.qa.hwa.domain.UserUnitTest" name="usernameNotEqual on usernameNotEqual(com.qa.hwa.domain.UserUnitTest)" time="0.009"/>
  <testcase classname="com.qa.hwa.domain.UserUnitTest" name="hashCodeTestWithNull on hashCodeTestWithNull(com.qa.hwa.domain.UserUnitTest)" time="0.009"/>
  <testcase classname="com.qa.hwa.domain.UserUnitTest" name="otherIdDifferent on otherIdDifferent(com.qa.hwa.domain.UserUnitTest)" time="0.009"/>
  <testcase classname="com.qa.hwa.domain.UserUnitTest" name="nullTotalTimePlayedOnBoth on nullTotalTimePlayedOnBoth(com.qa.hwa.domain.UserUnitTest)" time="0.008"/>
  <testcase classname="com.qa.hwa.dto.GameSessionDTOUnitTest" name="usernameNullButOtherNameNotNull on usernameNullButOtherNameNotNull(com.qa.hwa.dto.GameSessionDTOUnitTest)" time="0.0">
    <skipped/>
  </testcase> <!-- usernameNullButOtherNameNotNull on usernameNullButOtherNameNotNull(com.qa.hwa.dto.GameSessionDTOUnitTest) -->
  <testcase classname="com.qa.hwa.dto.GameSessionDTOUnitTest" name="nullGameName on nullGameName(com.qa.hwa.dto.GameSessionDTOUnitTest)" time="0.01"/>
  <testcase classname="com.qa.hwa.dto.GameSessionDTOUnitTest" name="constructorWithoutId on constructorWithoutId(com.qa.hwa.dto.GameSessionDTOUnitTest)" time="0.01"/>
  <testcase classname="com.qa.hwa.dto.GameSessionDTOUnitTest" name="nullTimePlayedOnBoth on nullTimePlayedOnBoth(com.qa.hwa.dto.GameSessionDTOUnitTest)" time="0.009"/>
  <testcase classname="com.qa.hwa.dto.GameSessionDTOUnitTest" name="checkEqualityBetweenDifferentObjects on checkEqualityBetweenDifferentObjects(com.qa.hwa.dto.GameSessionDTOUnitTest)" time="0.009"/>
  <testcase classname="com.qa.hwa.dto.GameSessionDTOUnitTest" name="nullGameNameOnBoth on nullGameNameOnBoth(com.qa.hwa.dto.GameSessionDTOUnitTest)" time="0.008"/>
  <testcase classname="com.qa.hwa.dto.GameSessionDTOUnitTest" name="checkEquality on checkEquality(com.qa.hwa.dto.GameSessionDTOUnitTest)" time="0.008"/>
  <testcase classname="com.qa.hwa.dto.GameSessionDTOUnitTest" name="notEqualsWithNull on notEqualsWithNull(com.qa.hwa.dto.GameSessionDTOUnitTest)" time="0.009"/>
  <testcase classname="com.qa.hwa.dto.GameSessionDTOUnitTest" name="checkEqualityBetweenDifferentObjectsNullUsername on checkEqualityBetweenDifferentObjectsNullUsername(com.qa.hwa.dto.GameSessionDTOUnitTest)" time="0.0">
    <skipped/>
  </testcase> <!-- checkEqualityBetweenDifferentObjectsNullUsername on checkEqualityBetweenDifferentObjectsNullUsername(com.qa.hwa.dto.GameSessionDTOUnitTest) -->
  <testcase classname="com.qa.hwa.dto.GameSessionDTOUnitTest" name="nullTimePlayed on nullTimePlayed(com.qa.hwa.dto.GameSessionDTOUnitTest)" time="0.009"/>
  <testcase classname="com.qa.hwa.dto.GameSessionDTOUnitTest" name="gettersAndSettersTest on gettersAndSettersTest(com.qa.hwa.dto.GameSessionDTOUnitTest)" time="0.008"/>
  <testcase classname="com.qa.hwa.dto.GameSessionDTOUnitTest" name="nullId on nullId(com.qa.hwa.dto.GameSessionDTOUnitTest)" time="0.008"/>
  <testcase classname="com.qa.hwa.dto.GameSessionDTOUnitTest" name="notEqualsWithDifferentObject on notEqualsWithDifferentObject(com.qa.hwa.dto.GameSessionDTOUnitTest)" time="0.008"/>
  <testcase classname="com.qa.hwa.dto.GameSessionDTOUnitTest" name="nullIdOnBoth on nullIdOnBoth(com.qa.hwa.dto.GameSessionDTOUnitTest)" time="0.008"/>
  <testcase classname="com.qa.hwa.dto.GameSessionDTOUnitTest" name="emptyConstructor on emptyConstructor(com.qa.hwa.dto.GameSessionDTOUnitTest)" time="0.008"/>
  <testcase classname="com.qa.hwa.dto.GameSessionDTOUnitTest" name="constructorUserWithId on constructorUserWithId(com.qa.hwa.dto.GameSessionDTOUnitTest)" time="0.008"/>
  <testcase classname="com.qa.hwa.dto.GameSessionDTOUnitTest" name="nullTimeOfSession on nullTimeOfSession(com.qa.hwa.dto.GameSessionDTOUnitTest)" time="0.008"/>
  <testcase classname="com.qa.hwa.dto.GameSessionDTOUnitTest" name="otherGameNameDifferent on otherGameNameDifferent(com.qa.hwa.dto.GameSessionDTOUnitTest)" time="0.009"/>
  <testcase classname="com.qa.hwa.dto.GameSessionDTOUnitTest" name="hashCodeTest on hashCodeTest(com.qa.hwa.dto.GameSessionDTOUnitTest)" time="0.009"/>
  <testcase classname="com.qa.hwa.dto.GameSessionDTOUnitTest" name="otherTimeOfSessionDifferent on otherTimeOfSessionDifferent(com.qa.hwa.dto.GameSessionDTOUnitTest)" time="0.008"/>
  <testcase classname="com.qa.hwa.dto.GameSessionDTOUnitTest" name="nullTimeOfSessionBoth on nullTimeOfSessionBoth(com.qa.hwa.dto.GameSessionDTOUnitTest)" time="0.009"/>
  <testcase classname="com.qa.hwa.dto.GameSessionDTOUnitTest" name="usernameNotEqual on usernameNotEqual(com.qa.hwa.dto.GameSessionDTOUnitTest)" time="0.008"/>
  <testcase classname="com.qa.hwa.dto.GameSessionDTOUnitTest" name="hashCodeTestWithNull on hashCodeTestWithNull(com.qa.hwa.dto.GameSessionDTOUnitTest)" time="0.008"/>
  <testcase classname="com.qa.hwa.dto.GameSessionDTOUnitTest" name="otherTimePlayedDifferent on otherTimePlayedDifferent(com.qa.hwa.dto.GameSessionDTOUnitTest)" time="0.008"/>
  <testcase classname="com.qa.hwa.dto.GameSessionDTOUnitTest" name="otherIdDifferent on otherIdDifferent(com.qa.hwa.dto.GameSessionDTOUnitTest)" time="0.008"/>
  <testcase classname="com.qa.hwa.dto.UserDTOUnitTest" name="usernameNullButOtherNameNotNull on usernameNullButOtherNameNotNull(com.qa.hwa.dto.UserDTOUnitTest)" time="0.004"/>
  <testcase classname="com.qa.hwa.dto.UserDTOUnitTest" name="nullTimeRemainingOnBoth on nullTimeRemainingOnBoth(com.qa.hwa.dto.UserDTOUnitTest)" time="0.005"/>
  <testcase classname="com.qa.hwa.dto.UserDTOUnitTest" name="nullFreeTime on nullFreeTime(com.qa.hwa.dto.UserDTOUnitTest)" time="0.005"/>
  <testcase classname="com.qa.hwa.dto.UserDTOUnitTest" name="constructorWithoutId on constructorWithoutId(com.qa.hwa.dto.UserDTOUnitTest)" time="0.005"/>
  <testcase classname="com.qa.hwa.dto.UserDTOUnitTest" name="checkEqualityBetweenDifferentObjects on checkEqualityBetweenDifferentObjects(com.qa.hwa.dto.UserDTOUnitTest)" time="0.005"/>
  <testcase classname="com.qa.hwa.dto.UserDTOUnitTest" name="checkEquality on checkEquality(com.qa.hwa.dto.UserDTOUnitTest)" time="0.005"/>
  <testcase classname="com.qa.hwa.dto.UserDTOUnitTest" name="notEqualsWithNull on notEqualsWithNull(com.qa.hwa.dto.UserDTOUnitTest)" time="0.006"/>
  <testcase classname="com.qa.hwa.dto.UserDTOUnitTest" name="checkEqualityBetweenDifferentObjectsNullUsername on checkEqualityBetweenDifferentObjectsNullUsername(com.qa.hwa.dto.UserDTOUnitTest)" time="0.005"/>
  <testcase classname="com.qa.hwa.dto.UserDTOUnitTest" name="gettersAndSettersTest on gettersAndSettersTest(com.qa.hwa.dto.UserDTOUnitTest)" time="0.005"/>
  <testcase classname="com.qa.hwa.dto.UserDTOUnitTest" name="nullId on nullId(com.qa.hwa.dto.UserDTOUnitTest)" time="0.004"/>
  <testcase classname="com.qa.hwa.dto.UserDTOUnitTest" name="notEqualsWithDifferentObject on notEqualsWithDifferentObject(com.qa.hwa.dto.UserDTOUnitTest)" time="0.004"/>
  <testcase classname="com.qa.hwa.dto.UserDTOUnitTest" name="nullFreeTimeOnBoth on nullFreeTimeOnBoth(com.qa.hwa.dto.UserDTOUnitTest)" time="0.004"/>
  <testcase classname="com.qa.hwa.dto.UserDTOUnitTest" name="nullIdOnBoth on nullIdOnBoth(com.qa.hwa.dto.UserDTOUnitTest)" time="0.005"/>
  <testcase classname="com.qa.hwa.dto.UserDTOUnitTest" name="emptyConstructor on emptyConstructor(com.qa.hwa.dto.UserDTOUnitTest)" time="0.005"/>
  <testcase classname="com.qa.hwa.dto.UserDTOUnitTest" name="nullTimeRemaining on nullTimeRemaining(com.qa.hwa.dto.UserDTOUnitTest)" time="0.004"/>
  <testcase classname="com.qa.hwa.dto.UserDTOUnitTest" name="otherFreeTimeDifferent on otherFreeTimeDifferent(com.qa.hwa.dto.UserDTOUnitTest)" time="0.005"/>
  <testcase classname="com.qa.hwa.dto.UserDTOUnitTest" name="constructorUserWithId on constructorUserWithId(com.qa.hwa.dto.UserDTOUnitTest)" time="0.005"/>
  <testcase classname="com.qa.hwa.dto.UserDTOUnitTest" name="otherTotalTimePlayedDifferent on otherTotalTimePlayedDifferent(com.qa.hwa.dto.UserDTOUnitTest)" time="0.005"/>
  <testcase classname="com.qa.hwa.dto.UserDTOUnitTest" name="otherTimeRemainingDifferent on otherTimeRemainingDifferent(com.qa.hwa.dto.UserDTOUnitTest)" time="0.005"/>
  <testcase classname="com.qa.hwa.dto.UserDTOUnitTest" name="nullTotalTimePlayed on nullTotalTimePlayed(com.qa.hwa.dto.UserDTOUnitTest)" time="0.005"/>
  <testcase classname="com.qa.hwa.dto.UserDTOUnitTest" name="hashCodeTest on hashCodeTest(com.qa.hwa.dto.UserDTOUnitTest)" time="0.006"/>
  <testcase classname="com.qa.hwa.dto.UserDTOUnitTest" name="usernameNotEqual on usernameNotEqual(com.qa.hwa.dto.UserDTOUnitTest)" time="0.006"/>
  <testcase classname="com.qa.hwa.dto.UserDTOUnitTest" name="hashCodeTestWithNull on hashCodeTestWithNull(com.qa.hwa.dto.UserDTOUnitTest)" time="0.005"/>
  <testcase classname="com.qa.hwa.dto.UserDTOUnitTest" name="otherIdDifferent on otherIdDifferent(com.qa.hwa.dto.UserDTOUnitTest)" time="0.005"/>
  <testcase classname="com.qa.hwa.dto.UserDTOUnitTest" name="nullTotalTimePlayedOnBoth on nullTotalTimePlayedOnBoth(com.qa.hwa.dto.UserDTOUnitTest)" time="0.005"/>
  <testcase classname="com.qa.hwa.rest.GameSessionControllerIntegrationTest" name="deleteGameSessionTest on deleteGameSessionTest(com.qa.hwa.rest.GameSessionControllerIntegrationTest)" time="3.913"/>
  <testcase classname="com.qa.hwa.rest.GameSessionControllerIntegrationTest" name="updateGameSessionTest on updateGameSessionTest(com.qa.hwa.rest.GameSessionControllerIntegrationTest)" time="0.0">
    <skipped/>
  </testcase> <!-- updateGameSessionTest on updateGameSessionTest(com.qa.hwa.rest.GameSessionControllerIntegrationTest) -->
  <testcase classname="com.qa.hwa.rest.GameSessionControllerIntegrationTest" name="getAllGameSessionsTest on getAllGameSessionsTest(com.qa.hwa.rest.GameSessionControllerIntegrationTest)" time="0.0">
    <skipped/>
  </testcase> <!-- getAllGameSessionsTest on getAllGameSessionsTest(com.qa.hwa.rest.GameSessionControllerIntegrationTest) -->
  <testcase classname="com.qa.hwa.rest.GameSessionControllerIntegrationTest" name="getAUsersGameSessionsTest on getAUsersGameSessionsTest(com.qa.hwa.rest.GameSessionControllerIntegrationTest)" time="0.0">
    <skipped/>
  </testcase> <!-- getAUsersGameSessionsTest on getAUsersGameSessionsTest(com.qa.hwa.rest.GameSessionControllerIntegrationTest) -->
  <testcase classname="com.qa.hwa.rest.GameSessionControllerIntegrationTest" name="createSessionsTest on createSessionsTest(com.qa.hwa.rest.GameSessionControllerIntegrationTest)" time="0.0">
    <skipped/>
  </testcase> <!-- createSessionsTest on createSessionsTest(com.qa.hwa.rest.GameSessionControllerIntegrationTest) -->
  <testcase classname="com.qa.hwa.rest.GameSessionControllerUnitTest" name="createGameSessionTest on createGameSessionTest(com.qa.hwa.rest.GameSessionControllerUnitTest)" time="0.232"/>
  <testcase classname="com.qa.hwa.rest.GameSessionControllerUnitTest" name="updateGameSessionTest on updateGameSessionTest(com.qa.hwa.rest.GameSessionControllerUnitTest)" time="0.244"/>
  <testcase classname="com.qa.hwa.rest.GameSessionControllerUnitTest" name="getAllGameSessionsTest on getAllGameSessionsTest(com.qa.hwa.rest.GameSessionControllerUnitTest)" time="0.251"/>
  <testcase classname="com.qa.hwa.rest.GameSessionControllerUnitTest" name="deleteUserTestFalse on deleteUserTestFalse(com.qa.hwa.rest.GameSessionControllerUnitTest)" time="0.258"/>
  <testcase classname="com.qa.hwa.rest.GameSessionControllerUnitTest" name="deleteUserTestTrue on deleteUserTestTrue(com.qa.hwa.rest.GameSessionControllerUnitTest)" time="0.264"/>
  <testcase classname="com.qa.hwa.rest.GameSessionControllerUnitTest" name="getAUsersGameSessionsTest on getAUsersGameSessionsTest(com.qa.hwa.rest.GameSessionControllerUnitTest)" time="0.275"/>
  <testcase classname="com.qa.hwa.rest.UserControllerIntegrationTest" name="getAllUsersTest on getAllUsersTest(com.qa.hwa.rest.UserControllerIntegrationTest)" time="0.0">
    <skipped/>
  </testcase> <!-- getAllUsersTest on getAllUsersTest(com.qa.hwa.rest.UserControllerIntegrationTest) -->
  <testcase classname="com.qa.hwa.rest.UserControllerIntegrationTest" name="createUsersTest on createUsersTest(com.qa.hwa.rest.UserControllerIntegrationTest)" time="0.0">
    <skipped/>
  </testcase> <!-- createUsersTest on createUsersTest(com.qa.hwa.rest.UserControllerIntegrationTest) -->
  <testcase classname="com.qa.hwa.rest.UserControllerIntegrationTest" name="updateUserTest on updateUserTest(com.qa.hwa.rest.UserControllerIntegrationTest)" time="0.0">
    <skipped/>
  </testcase> <!-- updateUserTest on updateUserTest(com.qa.hwa.rest.UserControllerIntegrationTest) -->
  <testcase classname="com.qa.hwa.rest.UserControllerIntegrationTest" name="deleteUserTest on deleteUserTest(com.qa.hwa.rest.UserControllerIntegrationTest)" time="0.0">
    <skipped/>
  </testcase> <!-- deleteUserTest on deleteUserTest(com.qa.hwa.rest.UserControllerIntegrationTest) -->
  <testcase classname="com.qa.hwa.rest.UserControllerIntegrationTest" name="getUserByIdTest on getUserByIdTest(com.qa.hwa.rest.UserControllerIntegrationTest)" time="0.0">
    <skipped/>
  </testcase> <!-- getUserByIdTest on getUserByIdTest(com.qa.hwa.rest.UserControllerIntegrationTest) -->
  <testcase classname="com.qa.hwa.rest.UserControllerUnitTest" name="getAllUsersTest on getAllUsersTest(com.qa.hwa.rest.UserControllerUnitTest)" time="0.08"/>
  <testcase classname="com.qa.hwa.rest.UserControllerUnitTest" name="deleteUserTestFalse on deleteUserTestFalse(com.qa.hwa.rest.UserControllerUnitTest)" time="0.084"/>
  <testcase classname="com.qa.hwa.rest.UserControllerUnitTest" name="updateUserTest on updateUserTest(com.qa.hwa.rest.UserControllerUnitTest)" time="0.093"/>
  <testcase classname="com.qa.hwa.rest.UserControllerUnitTest" name="createUserTest on createUserTest(com.qa.hwa.rest.UserControllerUnitTest)" time="0.097"/>
  <testcase classname="com.qa.hwa.rest.UserControllerUnitTest" name="deleteUserTestTrue on deleteUserTestTrue(com.qa.hwa.rest.UserControllerUnitTest)" time="0.102"/>
  <testcase classname="com.qa.hwa.rest.UserControllerUnitTest" name="getUserByUsernameTest on getUserByUsernameTest(com.qa.hwa.rest.UserControllerUnitTest)" time="0.111"/>
  <testcase classname="com.qa.hwa.rest.UserControllerUnitTest" name="getUserByIdTest on getUserByIdTest(com.qa.hwa.rest.UserControllerUnitTest)" time="0.122"/>
  <testcase classname="com.qa.hwa.service.GameSessionServiceIntegrationTest" name="readAUsersGameSessionsTest on readAUsersGameSessionsTest(com.qa.hwa.service.GameSessionServiceIntegrationTest)" time="0.0">
    <skipped/>
  </testcase> <!-- readAUsersGameSessionsTest on readAUsersGameSessionsTest(com.qa.hwa.service.GameSessionServiceIntegrationTest) -->
  <testcase classname="com.qa.hwa.service.GameSessionServiceIntegrationTest" name="deleteGameSessionTest on deleteGameSessionTest(com.qa.hwa.service.GameSessionServiceIntegrationTest)" time="3.231"/>
  <testcase classname="com.qa.hwa.service.GameSessionServiceIntegrationTest" name="createGameSessionTest on createGameSessionTest(com.qa.hwa.service.GameSessionServiceIntegrationTest)" time="0.0">
    <skipped/>
  </testcase> <!-- createGameSessionTest on createGameSessionTest(com.qa.hwa.service.GameSessionServiceIntegrationTest) -->
  <testcase classname="com.qa.hwa.service.GameSessionServiceIntegrationTest" name="updateGameSessionTest on updateGameSessionTest(com.qa.hwa.service.GameSessionServiceIntegrationTest)" time="0.0">
    <skipped/>
  </testcase> <!-- updateGameSessionTest on updateGameSessionTest(com.qa.hwa.service.GameSessionServiceIntegrationTest) -->
  <testcase classname="com.qa.hwa.service.GameSessionServiceIntegrationTest" name="readAllGameSessionsTest on readAllGameSessionsTest(com.qa.hwa.service.GameSessionServiceIntegrationTest)" time="0.0">
    <skipped/>
  </testcase> <!-- readAllGameSessionsTest on readAllGameSessionsTest(com.qa.hwa.service.GameSessionServiceIntegrationTest) -->
  <testcase classname="com.qa.hwa.service.GameSessionServiceIntegrationTest" name="findUserByUsernameTest on findUserByUsernameTest(com.qa.hwa.service.GameSessionServiceIntegrationTest)" time="0.0">
    <skipped/>
  </testcase> <!-- findUserByUsernameTest on findUserByUsernameTest(com.qa.hwa.service.GameSessionServiceIntegrationTest) -->
  <testcase classname="com.qa.hwa.service.GameSessionServiceUnitTest" name="readAUsersGameSessionsTest on readAUsersGameSessionsTest(com.qa.hwa.service.GameSessionServiceUnitTest)" time="0.0">
    <skipped/>
  </testcase> <!-- readAUsersGameSessionsTest on readAUsersGameSessionsTest(com.qa.hwa.service.GameSessionServiceUnitTest) -->
  <testcase classname="com.qa.hwa.service.GameSessionServiceUnitTest" name="createGameSessionTest on createGameSessionTest(com.qa.hwa.service.GameSessionServiceUnitTest)" time="0.259"/>
  <testcase classname="com.qa.hwa.service.GameSessionServiceUnitTest" name="readUserByUsernameTest on readUserByUsernameTest(com.qa.hwa.service.GameSessionServiceUnitTest)" time="0.265"/>
  <testcase classname="com.qa.hwa.service.GameSessionServiceUnitTest" name="readUserByNonExistingUsernameTest on readUserByNonExistingUsernameTest(com.qa.hwa.service.GameSessionServiceUnitTest)" time="0.269"/>
  <testcase classname="com.qa.hwa.service.GameSessionServiceUnitTest" name="updateGameSessionTest on updateGameSessionTest(com.qa.hwa.service.GameSessionServiceUnitTest)" time="0.279"/>
  <testcase classname="com.qa.hwa.service.GameSessionServiceUnitTest" name="deleteSessionByNonExistingId on deleteSessionByNonExistingId(com.qa.hwa.service.GameSessionServiceUnitTest)" time="0.282"/>
  <testcase classname="com.qa.hwa.service.GameSessionServiceUnitTest" name="readAllSessionsTest on readAllSessionsTest(com.qa.hwa.service.GameSessionServiceUnitTest)" time="0.289"/>
  <testcase classname="com.qa.hwa.service.GameSessionServiceUnitTest" name="deleteSessionByExistingId on deleteSessionByExistingId(com.qa.hwa.service.GameSessionServiceUnitTest)" time="0.294"/>
  <testcase classname="com.qa.hwa.service.UserServiceIntegrationTest" name="readAllUsersTest on readAllUsersTest(com.qa.hwa.service.UserServiceIntegrationTest)" time="0.0">
    <skipped/>
  </testcase> <!-- readAllUsersTest on readAllUsersTest(com.qa.hwa.service.UserServiceIntegrationTest) -->
  <testcase classname="com.qa.hwa.service.UserServiceIntegrationTest" name="findUserByIdTest on findUserByIdTest(com.qa.hwa.service.UserServiceIntegrationTest)" time="0.0">
    <skipped/>
  </testcase> <!-- findUserByIdTest on findUserByIdTest(com.qa.hwa.service.UserServiceIntegrationTest) -->
  <testcase classname="com.qa.hwa.service.UserServiceIntegrationTest" name="updateUserTest on updateUserTest(com.qa.hwa.service.UserServiceIntegrationTest)" time="0.0">
    <skipped/>
  </testcase> <!-- updateUserTest on updateUserTest(com.qa.hwa.service.UserServiceIntegrationTest) -->
  <testcase classname="com.qa.hwa.service.UserServiceIntegrationTest" name="createUserTest on createUserTest(com.qa.hwa.service.UserServiceIntegrationTest)" time="0.0">
    <skipped/>
  </testcase> <!-- createUserTest on createUserTest(com.qa.hwa.service.UserServiceIntegrationTest) -->
  <testcase classname="com.qa.hwa.service.UserServiceIntegrationTest" name="deleteUserTest on deleteUserTest(com.qa.hwa.service.UserServiceIntegrationTest)" time="0.475"/>
  <testcase classname="com.qa.hwa.service.UserServiceUnitTest" name="deleteUserByExistingId on deleteUserByExistingId(com.qa.hwa.service.UserServiceUnitTest)" time="0.006"/>
  <testcase classname="com.qa.hwa.service.UserServiceUnitTest" name="readUserByUsernameTest on readUserByUsernameTest(com.qa.hwa.service.UserServiceUnitTest)" time="0.011"/>
  <testcase classname="com.qa.hwa.service.UserServiceUnitTest" name="deleteUserByNonExistingId on deleteUserByNonExistingId(com.qa.hwa.service.UserServiceUnitTest)" time="0.016"/>
  <testcase classname="com.qa.hwa.service.UserServiceUnitTest" name="readUserByNonExistingUsernameTest on readUserByNonExistingUsernameTest(com.qa.hwa.service.UserServiceUnitTest)" time="0.02"/>
  <testcase classname="com.qa.hwa.service.UserServiceUnitTest" name="readAllUsersTest on readAllUsersTest(com.qa.hwa.service.UserServiceUnitTest)" time="0.025"/>
  <testcase classname="com.qa.hwa.service.UserServiceUnitTest" name="findUserByIdTest on findUserByIdTest(com.qa.hwa.service.UserServiceUnitTest)" time="0.032"/>
  <testcase classname="com.qa.hwa.service.UserServiceUnitTest" name="updateUserTest on updateUserTest(com.qa.hwa.service.UserServiceUnitTest)" time="0.039"/>
  <testcase classname="com.qa.hwa.service.UserServiceUnitTest" name="createUserTest on createUserTest(com.qa.hwa.service.UserServiceUnitTest)" time="0.05"/>
</testsuite> <!-- Surefire test -->
